<?xml version="1.0" encoding="UTF-8"?>
<!-- Generated by org.testng.reporters.JUnitReportReporter -->
<testsuite hostname="Kale-PC" name="test_Cases.TestCampagin" tests="1" failures="0" timestamp="11 Sep 2017 11:01:36 GMT" time="4.227" errors="0">
  <testcase name="verifyCampaignLink" time="4.227" classname="test_Cases.TestCampagin"/>
</testsuite> <!-- test_Cases.TestCampagin -->
