<?xml version="1.0" encoding="UTF-8"?>
<!-- Generated by org.testng.reporters.JUnitReportReporter -->
<testsuite hostname="Kale-PC" name="test_Cases.TestLoginWithReport" tests="1" failures="0" timestamp="16 Nov 2017 07:27:26 GMT" time="73.368" errors="0">
  <testcase name="verifyLogin" time="73.368" classname="test_Cases.TestLoginWithReport"/>
</testsuite> <!-- test_Cases.TestLoginWithReport -->
